2014-05-27 13:58:00.461+0000 INFO  [org.neo4j]: --- INITIALIZED diagnostics START ---
2014-05-27 13:58:00.608+0000 INFO  [org.neo4j]: Neo4j Kernel properties:
    neostore.propertystore.db.mapped_memory=152M
    neostore.nodestore.db.mapped_memory=42M
    neostore.relationshipstore.db.mapped_memory=186M
    neostore.propertystore.db.strings.mapped_memory=129M
    store_dir=data/indexs
    neostore.propertystore.db.arrays.mapped_memory=146M
    ephemeral=false
2014-05-27 13:58:00.630+0000 INFO  [org.neo4j]: Diagnostics providers:
    org.neo4j.kernel.configuration.Config
    org.neo4j.kernel.info.DiagnosticsManager
    SYSTEM_MEMORY
    JAVA_MEMORY
    OPERATING_SYSTEM
    JAVA_VIRTUAL_MACHINE
    CLASSPATH
    LIBRARY_PATH
    SYSTEM_PROPERTIES
    LINUX_SCHEDULERS
    NETWORK
2014-05-27 13:58:00.630+0000 INFO  [org.neo4j]: System memory information:
    Total Physical memory: 1.84 GB
    Free Physical memory: 129.60 MB
    Committed virtual memory: 649.14 MB
    Total swap space: 1.87 GB
    Free swap space: 1.46 GB
2014-05-27 13:58:00.680+0000 INFO  [org.neo4j]: JVM memory information:
    Free  memory: 25.39 MB
    Total memory: 28.25 MB
    Max   memory: 419.50 MB
    Garbage Collector: PS Scavenge: [PS Eden Space, PS Survivor Space]
    Garbage Collector: PS MarkSweep: [PS Eden Space, PS Survivor Space, PS Old Gen, PS Perm Gen]
    Memory Pool: Code Cache (Non-heap memory): committed=2.25 MB, used=387.94 kB, max=48.00 MB, threshold=0.00 B
    Memory Pool: PS Eden Space (Heap memory): committed=7.50 MB, used=910.45 kB, max=155.00 MB, threshold=?
    Memory Pool: PS Survivor Space (Heap memory): committed=1.25 MB, used=1.24 MB, max=1.25 MB, threshold=?
    Memory Pool: PS Old Gen (Heap memory): committed=19.50 MB, used=748.86 kB, max=314.50 MB, threshold=0.00 B
    Memory Pool: PS Perm Gen (Non-heap memory): committed=16.00 MB, used=4.08 MB, max=64.00 MB, threshold=0.00 B
2014-05-27 13:58:00.713+0000 INFO  [org.neo4j]: Operating system information:
    Operating System: Linux; version: 3.13.0-24-generic; arch: i386; cpus: 4
    Max number of file descriptors: 4096
    Number of open file descriptors: 40
    Process id: 6597@numb
    Byte order: LITTLE_ENDIAN
    Local timezone: Asia/Ho_Chi_Minh
2014-05-27 13:58:00.782+0000 INFO  [org.neo4j]: JVM information:
    VM Name: Java HotSpot(TM) Server VM
    VM Vendor: Oracle Corporation
    VM Version: 24.55-b03
    JIT compiler: HotSpot Tiered Compilers
    VM Arguments: [-Dfile.encoding=UTF-8]
2014-05-27 13:58:00.784+0000 INFO  [org.neo4j]: Java classpath:
     [loader.1] file:/usr/lib/jvm/java-7-oracle/jre/lib/ext/sunjce_provider.jar
     [bootstrap] /usr/lib/jvm/java-7-oracle/jre/classes
     [classpath + loader.0] file:/home/numb/Data/Tomcat6.0/lib/tomcat-coyote.jar
     [classpath + loader.0] file:/home/numb/git/Neo4j/HelloWorldNeo4j/lib/lucene-core-3.6.2.jar
     [classpath + loader.0] file:/home/numb/git/Neo4j/HelloWorldNeo4j/lib/neo4j-jmx-2.0.3.jar
     [classpath + loader.0] file:/home/numb/Data/Tomcat6.0/lib/tomcat-dbcp.jar
     [classpath + loader.0] file:/home/numb/git/Neo4j/HelloWorldNeo4j/build/classes/
     [classpath + loader.0] file:/home/numb/Data/Tomcat6.0/lib/el-api.jar
     [classpath + loader.0] file:/home/numb/git/Neo4j/HelloWorldNeo4j/lib/neo4j-lucene-index-2.0.3.jar
     [bootstrap] /usr/lib/jvm/java-7-oracle/jre/lib/jce.jar
     [classpath + loader.0] file:/home/numb/git/Neo4j/HelloWorldNeo4j/lib/parboiled-scala_2.10-1.1.6.jar
     [classpath + loader.0] file:/home/numb/git/Neo4j/HelloWorldNeo4j/lib/server-api-2.0.3.jar
     [classpath + loader.0] file:/home/numb/git/Neo4j/HelloWorldNeo4j/lib/geronimo-jta_1.1_spec-1.1.1.jar
     [classpath + loader.0] file:/home/numb/Data/Tomcat6.0/lib/jasper-el.jar
     [classpath + loader.0] file:/home/numb/git/Neo4j/HelloWorldNeo4j/lib/neo4j-cypher-commons-2.0.3.jar
     [classpath + loader.0] file:/home/numb/git/Neo4j/HelloWorldNeo4j/lib/neo4j-cypher-compiler-1.9-2.0.3.jar
     [bootstrap] /usr/lib/jvm/java-7-oracle/jre/lib/jfr.jar
     [classpath + loader.0] file:/home/numb/git/Neo4j/HelloWorldNeo4j/lib/neo4j-graph-algo-2.0.3.jar
     [classpath + loader.0] file:/home/numb/git/Neo4j/HelloWorldNeo4j/lib/neo4j-shell-2.0.3.jar
     [classpath + loader.0] file:/home/numb/git/Neo4j/HelloWorldNeo4j/lib/parboiled-core-1.1.6.jar
     [bootstrap] /usr/lib/jvm/java-7-oracle/jre/lib/sunrsasign.jar
     [classpath + loader.0] file:/home/numb/Data/Tomcat6.0/lib/catalina-ha.jar
     [classpath + loader.0] file:/home/numb/git/Neo4j/HelloWorldNeo4j/lib/neo4j-graph-matching-2.0.3.jar
     [classpath + loader.0] file:/home/numb/git/Neo4j/HelloWorldNeo4j/lib/scala-library-2.10.3.jar
     [classpath + loader.0] file:/home/numb/Data/Tomcat6.0/lib/tomcat-i18n-ja.jar
     [classpath + loader.0] file:/home/numb/Data/Tomcat6.0/lib/catalina-tribes.jar
     [classpath + loader.0] file:/home/numb/git/Neo4j/HelloWorldNeo4j/lib/neo4j-kernel-2.0.3.jar
     [classpath + loader.0] file:/home/numb/Data/Tomcat6.0/lib/ecj-3.3.1.jar
     [classpath + loader.0] file:/home/numb/git/Neo4j/HelloWorldNeo4j/lib/org.apache.servicemix.bundles.jline-0.9.94_1.jar
     [classpath + loader.0] file:/home/numb/Data/Tomcat6.0/lib/servlet-api.jar
     [classpath + loader.0] file:/home/numb/git/Neo4j/HelloWorldNeo4j/lib/neo4j-udc-2.0.3.jar
     [classpath + loader.0] file:/home/numb/Data/Tomcat6.0/lib/tomcat-i18n-fr.jar
     [bootstrap] /usr/lib/jvm/java-7-oracle/jre/lib/jsse.jar
     [classpath + loader.0] file:/home/numb/Data/Tomcat6.0/lib/annotations-api.jar
     [loader.1] file:/usr/lib/jvm/java-7-oracle/jre/lib/ext/localedata.jar
     [loader.1] file:/usr/lib/jvm/java-7-oracle/jre/lib/ext/sunpkcs11.jar
     [classpath + loader.0] file:/home/numb/Data/Tomcat6.0/lib/jsp-api.jar
     [loader.1] file:/usr/lib/jvm/java-7-oracle/jre/lib/ext/dnsns.jar
     [classpath + loader.0] file:/home/numb/Data/Tomcat6.0/lib/catalina-ant.jar
     [classpath + loader.0] file:/home/numb/Data/Tomcat6.0/lib/catalina.jar
     [classpath + loader.0] file:/home/numb/Data/Tomcat6.0/lib/tomcat-i18n-es.jar
     [classpath + loader.0] file:/home/numb/Data/Tomcat6.0/lib/jasper.jar
     [classpath + loader.0] file:/home/numb/git/Neo4j/HelloWorldNeo4j/lib/neo4j-cypher-2.0.3.jar
     [bootstrap] /usr/lib/jvm/java-7-oracle/jre/lib/resources.jar
     [loader.1] file:/usr/lib/jvm/java-7-oracle/jre/lib/ext/zipfs.jar
     [classpath + loader.0] file:/home/numb/git/Neo4j/HelloWorldNeo4j/lib/neo4j-cypher-compiler-2.0-2.0.3.jar
     [bootstrap] /usr/lib/jvm/java-7-oracle/jre/lib/rt.jar
     [loader.1] file:/usr/lib/jvm/java-7-oracle/jre/lib/ext/sunec.jar
     [classpath + loader.0] file:/home/numb/git/Neo4j/HelloWorldNeo4j/lib/concurrentlinkedhashmap-lru-1.3.1.jar
     [bootstrap] /usr/lib/jvm/java-7-oracle/jre/lib/charsets.jar
2014-05-27 13:58:00.789+0000 INFO  [org.neo4j]: Library path:
    /usr/lib/jvm/java-7-oracle/jre/lib/i386/server
    /usr/lib/jvm/java-7-oracle/jre/lib/i386
    /usr/lib/jvm/java-7-oracle/lib/i386
    /usr/lib/jvm/java-7-oracle/jre/lib/i386/client
    /usr/lib/jvm/java-7-oracle/jre/lib/i386
    /home/numb/git/Neo4j/HelloWorldNeo4j
    /usr/java/packages/lib/i386
    /lib
    /usr/lib
2014-05-27 13:58:00.789+0000 INFO  [org.neo4j]: System.properties:
    sun.boot.library.path = /usr/lib/jvm/java-7-oracle/jre/lib/i386
    path.separator = :
    file.encoding.pkg = sun.io
    user.country = US
    sun.java.launcher = SUN_STANDARD
    sun.os.patch.level = unknown
    user.dir = /home/numb/git/Neo4j/HelloWorldNeo4j
    sun.jnu.encoding = UTF-8
    sun.management.compiler = HotSpot Tiered Compilers
    user.home = /home/numb
    user.timezone = Asia/Ho_Chi_Minh
    file.encoding = UTF-8
    user.name = numb
    sun.java.command = com.vncontrol.neo4j.EmbeddedNeo4jWithNewIndexing
    sun.arch.data.model = 32
    user.language = en
    awt.toolkit = sun.awt.X11.XToolkit
    file.separator = /
    sun.io.unicode.encoding = UnicodeLittle
    sun.cpu.endian = little
    sun.desktop = gnome
    sun.cpu.isalist = 
2014-05-27 13:58:00.790+0000 INFO  [org.neo4j]: Linux scheduler information:
    noop [deadline] cfq 
    noop [deadline] cfq 
    none
    none
    none
    none
    none
    none
    none
    none
    none
    none
    none
    none
    none
    none
    none
    none
    none
    none
    none
    none
    none
    none
    none
    none
2014-05-27 13:58:00.796+0000 INFO  [org.neo4j]: Network information:
    Interface wlan0:
        address: fe80:0:0:0:7ae4:ff:fe5a:606a%2
        address: 192.168.1.49
    Interface lo:
        address: 0:0:0:0:0:0:0:1%1
        address: 127.0.0.1
2014-05-27 13:58:00.798+0000 INFO  [org.neo4j]: --- INITIALIZED diagnostics END ---
2014-05-27 13:58:01.418+0000 INFO  [org.neo4j]: Creating new db @ data/indexs/neostore
2014-05-27 13:58:02.580+0000 INFO  [org.neo4j]: [data/indexs/neostore.relationshiptypestore.db.names] brickCount=0 brickSize=0b mappedMem=0b (storeSize=38b)
2014-05-27 13:58:02.583+0000 INFO  [org.neo4j]: [data/indexs/neostore.relationshiptypestore.db] brickCount=0 brickSize=0b mappedMem=0b (storeSize=0b)
2014-05-27 13:58:02.624+0000 INFO  [org.neo4j]: data/indexs/neostore.relationshiptypestore.db.names hit=0 miss=0 switches=0 ooe=0
2014-05-27 13:58:02.747+0000 INFO  [org.neo4j]: data/indexs/neostore.relationshiptypestore.db hit=0 miss=0 switches=0 ooe=0
2014-05-27 13:58:03.111+0000 INFO  [org.neo4j]: [data/indexs/neostore.labeltokenstore.db.names] brickCount=0 brickSize=0b mappedMem=0b (storeSize=38b)
2014-05-27 13:58:03.113+0000 INFO  [org.neo4j]: [data/indexs/neostore.labeltokenstore.db] brickCount=0 brickSize=0b mappedMem=0b (storeSize=0b)
2014-05-27 13:58:03.140+0000 INFO  [org.neo4j]: data/indexs/neostore.labeltokenstore.db.names hit=0 miss=0 switches=0 ooe=0
2014-05-27 13:58:03.196+0000 INFO  [org.neo4j]: data/indexs/neostore.labeltokenstore.db hit=0 miss=0 switches=0 ooe=0
2014-05-27 13:58:03.427+0000 INFO  [org.neo4j]: [data/indexs/neostore.relationshiptypestore.db.names] brickCount=0 brickSize=0b mappedMem=0b (storeSize=38b)
2014-05-27 13:58:03.428+0000 INFO  [org.neo4j]: [data/indexs/neostore.relationshiptypestore.db] brickCount=0 brickSize=0b mappedMem=0b (storeSize=0b)
2014-05-27 13:58:03.428+0000 INFO  [org.neo4j]: [data/indexs/neostore.labeltokenstore.db.names] brickCount=0 brickSize=0b mappedMem=0b (storeSize=38b)
2014-05-27 13:58:03.429+0000 INFO  [org.neo4j]: [data/indexs/neostore.labeltokenstore.db] brickCount=0 brickSize=0b mappedMem=0b (storeSize=0b)
2014-05-27 13:58:03.430+0000 INFO  [org.neo4j]: [data/indexs/neostore.propertystore.db.strings] brickCount=0 brickSize=135168b mappedMem=135266304b (storeSize=128b)
2014-05-27 13:58:03.431+0000 INFO  [org.neo4j]: [data/indexs/neostore.propertystore.db.index.keys] brickCount=0 brickSize=0b mappedMem=0b (storeSize=38b)
2014-05-27 13:58:03.433+0000 INFO  [org.neo4j]: [data/indexs/neostore.propertystore.db.index] brickCount=0 brickSize=0b mappedMem=0b (storeSize=0b)
2014-05-27 13:58:03.434+0000 INFO  [org.neo4j]: [data/indexs/neostore.propertystore.db.arrays] brickCount=0 brickSize=153088b mappedMem=153092096b (storeSize=128b)
2014-05-27 13:58:03.453+0000 INFO  [org.neo4j]: [data/indexs/neostore.propertystore.db] brickCount=0 brickSize=1593834b mappedMem=159383552b (storeSize=0b)
2014-05-27 13:58:03.456+0000 INFO  [org.neo4j]: [data/indexs/neostore.relationshipstore.db] brickCount=0 brickSize=1950333b mappedMem=195035136b (storeSize=0b)
2014-05-27 13:58:03.457+0000 INFO  [org.neo4j]: [data/indexs/neostore.nodestore.db.labels] brickCount=0 brickSize=0b mappedMem=0b (storeSize=68b)
2014-05-27 13:58:03.459+0000 INFO  [org.neo4j]: [data/indexs/neostore.nodestore.db] brickCount=0 brickSize=440398b mappedMem=44040192b (storeSize=0b)
2014-05-27 13:58:03.459+0000 INFO  [org.neo4j]: [data/indexs/neostore.schemastore.db] brickCount=0 brickSize=0b mappedMem=0b (storeSize=64b)
2014-05-27 13:58:03.460+0000 INFO  [org.neo4j]: [data/indexs/neostore] brickCount=0 brickSize=0b mappedMem=0b (storeSize=0b)
2014-05-27 13:58:03.542+0000 INFO  [org.neo4j]: data/indexs/neostore.relationshiptypestore.db.names hit=0 miss=0 switches=0 ooe=0
2014-05-27 13:58:03.609+0000 INFO  [org.neo4j]: data/indexs/neostore.relationshiptypestore.db hit=0 miss=0 switches=0 ooe=0
2014-05-27 13:58:03.743+0000 INFO  [org.neo4j]: data/indexs/neostore.labeltokenstore.db.names hit=0 miss=0 switches=0 ooe=0
2014-05-27 13:58:03.799+0000 INFO  [org.neo4j]: data/indexs/neostore.labeltokenstore.db hit=0 miss=0 switches=0 ooe=0
2014-05-27 13:58:03.866+0000 INFO  [org.neo4j]: data/indexs/neostore.propertystore.db.strings hit=0 miss=0 switches=0 ooe=0
2014-05-27 13:58:03.933+0000 INFO  [org.neo4j]: data/indexs/neostore.propertystore.db.index.keys hit=0 miss=0 switches=0 ooe=0
2014-05-27 13:58:03.988+0000 INFO  [org.neo4j]: data/indexs/neostore.propertystore.db.index hit=0 miss=0 switches=0 ooe=0
2014-05-27 13:58:04.056+0000 INFO  [org.neo4j]: data/indexs/neostore.propertystore.db.arrays hit=0 miss=0 switches=0 ooe=0
2014-05-27 13:58:04.122+0000 INFO  [org.neo4j]: data/indexs/neostore.propertystore.db hit=0 miss=0 switches=0 ooe=0
2014-05-27 13:58:04.189+0000 INFO  [org.neo4j]: data/indexs/neostore.relationshipstore.db hit=0 miss=0 switches=0 ooe=0
2014-05-27 13:58:04.268+0000 INFO  [org.neo4j]: data/indexs/neostore.nodestore.db.labels hit=0 miss=0 switches=0 ooe=0
2014-05-27 13:58:04.334+0000 INFO  [org.neo4j]: data/indexs/neostore.nodestore.db hit=0 miss=0 switches=0 ooe=0
2014-05-27 13:58:04.468+0000 INFO  [org.neo4j]: data/indexs/neostore.schemastore.db hit=0 miss=0 switches=0 ooe=0
2014-05-27 13:58:04.635+0000 INFO  [org.neo4j]: data/indexs/neostore hit=0 miss=8 switches=0 ooe=0
2014-05-27 13:58:04.733+0000 INFO  [org.neo4j]: [data/indexs/neostore.relationshiptypestore.db.names] brickCount=0 brickSize=0b mappedMem=0b (storeSize=38b)
2014-05-27 13:58:04.734+0000 INFO  [org.neo4j]: [data/indexs/neostore.relationshiptypestore.db] brickCount=0 brickSize=0b mappedMem=0b (storeSize=0b)
2014-05-27 13:58:04.734+0000 INFO  [org.neo4j]: [data/indexs/neostore.labeltokenstore.db.names] brickCount=0 brickSize=0b mappedMem=0b (storeSize=38b)
2014-05-27 13:58:04.735+0000 INFO  [org.neo4j]: [data/indexs/neostore.labeltokenstore.db] brickCount=0 brickSize=0b mappedMem=0b (storeSize=0b)
2014-05-27 13:58:04.736+0000 INFO  [org.neo4j]: [data/indexs/neostore.propertystore.db.strings] brickCount=0 brickSize=135168b mappedMem=135266304b (storeSize=128b)
2014-05-27 13:58:04.736+0000 INFO  [org.neo4j]: [data/indexs/neostore.propertystore.db.index.keys] brickCount=0 brickSize=0b mappedMem=0b (storeSize=38b)
2014-05-27 13:58:04.736+0000 INFO  [org.neo4j]: [data/indexs/neostore.propertystore.db.index] brickCount=0 brickSize=0b mappedMem=0b (storeSize=0b)
2014-05-27 13:58:04.737+0000 INFO  [org.neo4j]: [data/indexs/neostore.propertystore.db.arrays] brickCount=0 brickSize=153088b mappedMem=153092096b (storeSize=128b)
2014-05-27 13:58:04.737+0000 INFO  [org.neo4j]: [data/indexs/neostore.propertystore.db] brickCount=0 brickSize=1593834b mappedMem=159383552b (storeSize=0b)
2014-05-27 13:58:04.738+0000 INFO  [org.neo4j]: [data/indexs/neostore.relationshipstore.db] brickCount=0 brickSize=1950333b mappedMem=195035136b (storeSize=0b)
2014-05-27 13:58:04.738+0000 INFO  [org.neo4j]: [data/indexs/neostore.nodestore.db.labels] brickCount=0 brickSize=0b mappedMem=0b (storeSize=68b)
2014-05-27 13:58:04.738+0000 INFO  [org.neo4j]: [data/indexs/neostore.nodestore.db] brickCount=0 brickSize=440398b mappedMem=44040192b (storeSize=0b)
2014-05-27 13:58:04.739+0000 INFO  [org.neo4j]: [data/indexs/neostore.schemastore.db] brickCount=0 brickSize=0b mappedMem=0b (storeSize=64b)
2014-05-27 13:58:04.739+0000 INFO  [org.neo4j]: [data/indexs/neostore] brickCount=0 brickSize=0b mappedMem=0b (storeSize=63b)
2014-05-27 13:58:04.881+0000 INFO  [org.neo4j]: No lucene scan store index found, this might just be first use. Preparing to rebuild.
2014-05-27 13:58:05.009+0000 INFO  [org.neo4j]: No lucene scan store index found, this might just be first use. Preparing to rebuild.
2014-05-27 13:58:05.173+0000 INFO  [org.neo4j]: Opened logical log [data/indexs/nioneo_logical.log.1] version=0, lastTxId=1 (clean)
2014-05-27 13:58:05.308+0000 INFO  [org.neo4j]: Rebuilding lucene scan store, this may take a while
2014-05-27 13:58:05.311+0000 INFO  [org.neo4j]: Lucene scan store rebuilt (roughly -1 nodes)
2014-05-27 13:58:05.315+0000 INFO  [org.neo4j]: TM new log: tm_tx_log.1
2014-05-27 13:58:05.405+0000 INFO  [org.neo4j]: Kernel health set to OK
2014-05-27 13:58:05.436+0000 INFO  [org.neo4j]: Opened logical log [data/indexs/index/lucene.log.1] version=0, lastTxId=1 (clean)
2014-05-27 13:58:05.509+0000 INFO  [org.neo4j]: --- STARTED diagnostics for KernelDiagnostics:Versions START ---
2014-05-27 13:58:05.510+0000 INFO  [org.neo4j]: Graph Database: org.neo4j.kernel.EmbeddedGraphDatabase StoreId[time:1401199081481, id:585440064833530943, store version: 13843131341501958]
2014-05-27 13:58:05.510+0000 INFO  [org.neo4j]: Kernel version: Neo4j - Graph Database Kernel (neo4j-kernel), version: 2.0.3
2014-05-27 13:58:05.510+0000 INFO  [org.neo4j]: Neo4j component versions:
2014-05-27 13:58:05.517+0000 INFO  [org.neo4j]:   Neo4j - Lucene Index (neo4j-lucene-index), version: 2.0.3; revision: 2.0.3:2.0-maint:72/307c563c11b75fdc71cfa6df05daf9b08d6c37dc
2014-05-27 13:58:05.517+0000 INFO  [org.neo4j]:   Neo4j - JMX support (neo4j-jmx), version: 2.0.3; revision: 2.0.3:2.0-maint:72/307c563c11b75fdc71cfa6df05daf9b08d6c37dc
2014-05-27 13:58:05.517+0000 INFO  [org.neo4j]:   Neo4j - Graph Matching (neo4j-graph-matching), version: 2.0.3; revision: 2.0.3:2.0-maint:72/307c563c11b75fdc71cfa6df05daf9b08d6c37dc
2014-05-27 13:58:05.517+0000 INFO  [org.neo4j]:   Neo4j Server API (server-api), version: 2.0.3; revision: 2.0.3:2.0-maint:72/307c563c11b75fdc71cfa6df05daf9b08d6c37dc
2014-05-27 13:58:05.517+0000 INFO  [org.neo4j]:   Neo4j - Graph Database Kernel (neo4j-kernel), version: 2.0.3; revision: 2.0.3:2.0-maint:72/307c563c11b75fdc71cfa6df05daf9b08d6c37dc
2014-05-27 13:58:05.517+0000 INFO  [org.neo4j]:   Neo4j - Cypher (neo4j-cypher), version: 2.0.3; revision: 2.0.3:2.0-maint:72/307c563c11b75fdc71cfa6df05daf9b08d6c37dc
2014-05-27 13:58:05.517+0000 INFO  [org.neo4j]:   Neo4j - Graph Algorithms (neo4j-graph-algo), version: 2.0.3; revision: 2.0.3:2.0-maint:72/307c563c11b75fdc71cfa6df05daf9b08d6c37dc
2014-05-27 13:58:05.517+0000 INFO  [org.neo4j]:   Neo4j - Cypher Compiler 2.0 (neo4j-cypher-compiler-2.0), version: 2.0.3; revision: 2.0.3:2.0-maint:72/307c563c11b75fdc71cfa6df05daf9b08d6c37dc
2014-05-27 13:58:05.518+0000 INFO  [org.neo4j]:   Neo4j - Generic shell (neo4j-shell), version: 2.0.3; revision: 2.0.3:2.0-maint:72/307c563c11b75fdc71cfa6df05daf9b08d6c37dc
2014-05-27 13:58:05.518+0000 INFO  [org.neo4j]:   Neo4j - Cypher Compiler 1.9 (neo4j-cypher-compiler-1.9), version: 2.0.3; revision: 2.0.3:2.0-maint:72/307c563c11b75fdc71cfa6df05daf9b08d6c37dc
2014-05-27 13:58:05.518+0000 INFO  [org.neo4j]:   neo4j-udc, version: 2.0.3; revision: 2.0.3:2.0-maint:72/307c563c11b75fdc71cfa6df05daf9b08d6c37dc
2014-05-27 13:58:05.518+0000 INFO  [org.neo4j]:   Neo4j - Cypher Commons (neo4j-cypher-commons), version: 2.0.3; revision: 2.0.3:2.0-maint:72/307c563c11b75fdc71cfa6df05daf9b08d6c37dc
2014-05-27 13:58:05.518+0000 INFO  [org.neo4j]: --- STARTED diagnostics for KernelDiagnostics:Versions END ---
2014-05-27 13:58:05.521+0000 INFO  [org.neo4j]: --- STARTED diagnostics for NEO_STORE_VERSIONS START ---
2014-05-27 13:58:05.521+0000 INFO  [org.neo4j]: Store versions:
    Store versions:
      NeoStore v0.A.1
      SchemaStore v0.A.1
      NodeStore v0.A.1
      RelationshipStore v0.A.1
      RelationshipTypeStore v0.A.1
      LabelTokenStore v0.A.1
      PropertyStore v0.A.1
      PropertyIndexStore v0.A.1
      StringPropertyStore v0.A.1
      ArrayPropertyStore v0.A.1
2014-05-27 13:58:05.522+0000 INFO  [org.neo4j]: --- STARTED diagnostics for NEO_STORE_VERSIONS END ---
2014-05-27 13:58:05.522+0000 INFO  [org.neo4j]: --- STARTED diagnostics for NEO_STORE_ID_USAGE START ---
2014-05-27 13:58:05.522+0000 INFO  [org.neo4j]: Id usage:
    Id usage:
      SchemaStore: used=1 high=0
      NodeStore: used=0 high=-1
      RelationshipStore: used=0 high=-1
      RelationshipTypeStore: used=0 high=-1
      LabelTokenStore: used=0 high=-1
      PropertyStore: used=0 high=-1
      PropertyIndexStore: used=0 high=-1
      StringPropertyStore: used=1 high=0
      ArrayPropertyStore: used=1 high=0
2014-05-27 13:58:05.523+0000 INFO  [org.neo4j]: --- STARTED diagnostics for NEO_STORE_ID_USAGE END ---
2014-05-27 13:58:05.523+0000 INFO  [org.neo4j]: --- STARTED diagnostics for PERSISTENCE_WINDOW_POOL_STATS START ---
2014-05-27 13:58:05.523+0000 INFO  [org.neo4j]: --- STARTED diagnostics for PERSISTENCE_WINDOW_POOL_STATS END ---
2014-05-27 13:58:05.524+0000 INFO  [org.neo4j]: --- STARTED diagnostics for KernelDiagnostics:StoreFiles START ---
2014-05-27 13:58:05.524+0000 INFO  [org.neo4j]: Disk space on partition (Total / Free / Free %): 312942510080 / 166028042240 / 53
Storage files: (filename : modification date - size)
      store_lock: 2014-05-27T20:58:01+0700 - 0.00 B
      neostore.nodestore.db.labels: 2014-05-27T20:58:04+0700 - 68.00 B
      neostore.labeltokenstore.db: 2014-05-27T20:58:04+0700 - 0.00 B
      neostore.nodestore.db.id: 2014-05-27T20:58:04+0700 - 9.00 B
      neostore.propertystore.db.arrays: 2014-05-27T20:58:04+0700 - 128.00 B
      neostore.propertystore.db.index.keys: 2014-05-27T20:58:04+0700 - 38.00 B
      neostore.relationshipstore.db: 2014-05-27T20:58:04+0700 - 0.00 B
      neostore.nodestore.db: 2014-05-27T20:58:04+0700 - 0.00 B
      neostore.propertystore.db.strings.id: 2014-05-27T20:58:04+0700 - 9.00 B
      lock: 2014-05-27T20:58:04+0700 - 0.00 B
      neostore.propertystore.db.index.id: 2014-05-27T20:58:04+0700 - 9.00 B
      neostore.relationshiptypestore.db.names: 2014-05-27T20:58:04+0700 - 38.00 B
      neostore.relationshiptypestore.db.names.id: 2014-05-27T20:58:04+0700 - 9.00 B
      neostore.labeltokenstore.db.names: 2014-05-27T20:58:04+0700 - 38.00 B
      neostore.propertystore.db.strings: 2014-05-27T20:58:04+0700 - 128.00 B
      neostore.propertystore.db.index.keys.id: 2014-05-27T20:58:04+0700 - 9.00 B
      neostore.relationshiptypestore.db.id: 2014-05-27T20:58:04+0700 - 9.00 B
      neostore.id: 2014-05-27T20:58:04+0700 - 9.00 B
      neostore.relationshiptypestore.db: 2014-05-27T20:58:04+0700 - 0.00 B
      index:
        lucene.log.1: 2014-05-27T20:58:05+0700 - 16.00 B
        lucene-store.db: 2014-05-27T20:58:05+0700 - 40.00 B
        lucene.log.active: 2014-05-27T20:58:05+0700 - 4.00 B
      - Total: 2014-05-27T20:58:05+0700 - 60.00 B
      neostore: 2014-05-27T20:58:04+0700 - 63.00 B
      neostore.labeltokenstore.db.id: 2014-05-27T20:58:04+0700 - 9.00 B
      neostore.propertystore.db.arrays.id: 2014-05-27T20:58:04+0700 - 9.00 B
      active_tx_log: 2014-05-27T20:58:05+0700 - 11.00 B
      neostore.propertystore.db: 2014-05-27T20:58:04+0700 - 0.00 B
      nioneo_logical.log.active: 2014-05-27T20:58:05+0700 - 4.00 B
      neostore.nodestore.db.labels.id: 2014-05-27T20:58:04+0700 - 9.00 B
      messages.log: 2014-05-27T20:58:05+0700 - 19.97 kB
      neostore.relationshipstore.db.id: 2014-05-27T20:58:04+0700 - 9.00 B
      neostore.schemastore.db.id: 2014-05-27T20:58:04+0700 - 9.00 B
      schema:
        label:
          lucene:
            write.lock: 2014-05-27T20:58:05+0700 - 0.00 B
          - Total: 2014-05-27T20:58:05+0700 - 0.00 B
        - Total: 2014-05-27T20:58:05+0700 - 0.00 B
      - Total: 2014-05-27T20:58:04+0700 - 0.00 B
      neostore.propertystore.db.index: 2014-05-27T20:58:04+0700 - 0.00 B
      nioneo_logical.log.1: 2014-05-27T20:58:05+0700 - 16.00 B
      neostore.propertystore.db.id: 2014-05-27T20:58:04+0700 - 9.00 B
      neostore.schemastore.db: 2014-05-27T20:58:04+0700 - 64.00 B
      neostore.labeltokenstore.db.names.id: 2014-05-27T20:58:04+0700 - 9.00 B
      tm_tx_log.1: 2014-05-27T20:58:05+0700 - 0.00 B
2014-05-27 13:58:05.541+0000 INFO  [org.neo4j]: --- STARTED diagnostics for KernelDiagnostics:StoreFiles END ---
2014-05-27 13:58:05.596+0000 INFO  [org.neo4j]: GC Monitor started. 
2014-05-27 13:58:05.597+0000 INFO  [org.neo4j]: Database is now ready
2014-05-27 13:58:05.697+0000 INFO  [org.neo4j]: Index population started: [:User(username) [provider: {key=lucene, version=1.0}]]
2014-05-27 13:58:05.939+0000 INFO  [org.neo4j]: Index population completed. Index is now online: [:User(username) [provider: {key=lucene, version=1.0}]]
